Using pre-set license
Built from '2020.2/release' branch; Version is '2020.2.2f1 (068178b99f32) revision 426360'; Using compiler version '192528614'; Build Type 'Release'
OS: 'Windows 10 Home Single Language; OS build 19044.1466; Version 2009; 64bit' Language: 'pt' Physical Memory: 6082 MB
BatchMode: 1, IsHumanControllingUs: 0, StartBugReporterOnCrash: 0, Is64bit: 1, IsPro: 0

 COMMAND LINE ARGUMENTS:
C:\Program Files\Unity\Hub\Editor\2020.2.2f1\Editor\Unity.exe
-adb2
-batchMode
-noUpm
-name
AssetImportWorker0
-projectPath
C:/Users/Erbert/OneDrive/Documentos/Unity/Jogo/unity_jogo
-logFile
Logs/AssetImportWorker0.log
-srvPort
55776
Successfully changed project path to: C:/Users/Erbert/OneDrive/Documentos/Unity/Jogo/unity_jogo
C:/Users/Erbert/OneDrive/Documentos/Unity/Jogo/unity_jogo
Using Asset Import Pipeline V2.
Refreshing native plugins compatible for Editor in 55.35 ms, found 1 plugins.
Preloading 0 native plugins for Editor in 0.00 ms.
Initialize engine version: 2020.2.2f1 (068178b99f32)
[Subsystems] Discovering subsystems at path C:/Program Files/Unity/Hub/Editor/2020.2.2f1/Editor/Data/Resources/UnitySubsystems
[Subsystems] Discovering subsystems at path C:/Users/Erbert/OneDrive/Documentos/Unity/Jogo/unity_jogo/Assets
GfxDevice: creating device client; threaded=0
Direct3D:
    Version:  Direct3D 11.0 [level 11.1]
    Renderer: Radeon 540X Series (ID=0x6987)
    Vendor:   
    VRAM:     2029 MB
    Driver:   30.0.14011.3017
Initialize mono
Mono path[0] = 'C:/Program Files/Unity/Hub/Editor/2020.2.2f1/Editor/Data/Managed'
Mono path[1] = 'C:/Program Files/Unity/Hub/Editor/2020.2.2f1/Editor/Data/MonoBleedingEdge/lib/mono/unityjit'
Mono config path = 'C:/Program Files/Unity/Hub/Editor/2020.2.2f1/Editor/Data/MonoBleedingEdge/etc'
Using monoOptions --debugger-agent=transport=dt_socket,embedding=1,server=y,suspend=n,address=127.0.0.1:56144
Begin MonoManager ReloadAssembly
Registering precompiled unity dll's ...
Register platform support module: C:/Program Files/Unity/Hub/Editor/2020.2.2f1/Editor/Data/PlaybackEngines/WindowsStandaloneSupport/UnityEditor.WindowsStandalone.Extensions.dll
Registered in 0.003381 seconds.
Native extension for WindowsStandalone target not found
Refreshing native plugins compatible for Editor in 51.95 ms, found 1 plugins.
Preloading 0 native plugins for Editor in 0.00 ms.
Invoked RoslynAnalysisRunner static constructor.
RoslynAnalysisRunner will not be running.
RoslynAnalysisRunner has terminated.
Mono: successfully reloaded assembly
- Completed reload, in  3.064 seconds
Platform modules already initialized, skipping
Registering precompiled user dll's ...
Registered in 0.002020 seconds.
Begin MonoManager ReloadAssembly
Native extension for WindowsStandalone target not found
Refreshing native plugins compatible for Editor in 44.02 ms, found 1 plugins.
Preloading 0 native plugins for Editor in 0.00 ms.
Invoked RoslynAnalysisRunner static constructor.
RoslynAnalysisRunner will not be running.
RoslynAnalysisRunner has terminated.
Mono: successfully reloaded assembly
- Completed reload, in  1.342 seconds
Platform modules already initialized, skipping
========================================================================
Worker process is ready to serve import requests
Launched and connected shader compiler UnityShaderCompiler.exe after 0.24 seconds
Refreshing native plugins compatible for Editor in 0.47 ms, found 1 plugins.
Preloading 0 native plugins for Editor in 0.00 ms.
Unloading 1814 Unused Serialized files (Serialized files now loaded: 0)
System memory in use before: 112.2 MB.
System memory in use after: 112.2 MB.

Unloading 23 unused Assets to reduce memory usage. Loaded Objects now: 2297.
Total: 3.986600 ms (FindLiveObjects: 0.390900 ms CreateObjectMapping: 0.105400 ms MarkObjects: 3.237900 ms  DeleteObjects: 0.249600 ms)

========================================================================
Received Import Request.
  path: Assets/Models/farmer
  artifactKey: Guid(d6f4f5792d9202f4a9961f1dc8a75a99) Importer(815301076,1909f56bfc062723c751e8b465ee728b)
Start importing Assets/Models/farmer using Guid(d6f4f5792d9202f4a9961f1dc8a75a99) Importer(815301076,1909f56bfc062723c751e8b465ee728b)  -> (artifact id: '106fe3da09803d6fe7eaf6a2663955f4') in 0.012273 seconds
  Import took 0.016398 seconds .

========================================================================
Received Import Request.
  Time since last request: 0.000698 seconds.
  path: Assets/Prefs/fazend.fbx
  artifactKey: Guid(d5c226f7c0ed1d34d9d502c4ee9cda9c) Importer(815301076,1909f56bfc062723c751e8b465ee728b)
Start importing Assets/Prefs/fazend.fbx using Guid(d5c226f7c0ed1d34d9d502c4ee9cda9c) Importer(815301076,1909f56bfc062723c751e8b465ee728b)  -> (artifact id: 'b6b8f20c4c8779d273aadfb2046d6470') in 0.318477 seconds
  Import took 0.322519 seconds .

========================================================================
Received Import Request.
  Time since last request: 14.679556 seconds.
  path: Assets/Prefs/InGame
  artifactKey: Guid(055b9b0d652048248a52297c8d40cb3e) Importer(815301076,1909f56bfc062723c751e8b465ee728b)
Start importing Assets/Prefs/InGame using Guid(055b9b0d652048248a52297c8d40cb3e) Importer(815301076,1909f56bfc062723c751e8b465ee728b)  -> (artifact id: '5d444bc5d0ffbd865dc76aa296e59da1') in 0.008425 seconds
  Import took 0.014126 seconds .

========================================================================
Received Import Request.
  Time since last request: 0.000750 seconds.
  path: Assets/Prefs/InGame
  artifactKey: Guid(055b9b0d652048248a52297c8d40cb3e) Importer(815301076,1909f56bfc062723c751e8b465ee728b)
Start importing Assets/Prefs/InGame using Guid(055b9b0d652048248a52297c8d40cb3e) Importer(815301076,1909f56bfc062723c751e8b465ee728b)  -> (artifact id: '5d444bc5d0ffbd865dc76aa296e59da1') in 0.007395 seconds
  Import took 0.014351 seconds .

========================================================================
Received Import Request.
  Time since last request: 13.333240 seconds.
  path: Assets/Prefs/Tiles
  artifactKey: Guid(15cf02a653fc6234893ab76c3767ff41) Importer(815301076,1909f56bfc062723c751e8b465ee728b)
Start importing Assets/Prefs/Tiles using Guid(15cf02a653fc6234893ab76c3767ff41) Importer(815301076,1909f56bfc062723c751e8b465ee728b)  -> (artifact id: 'c161ea65fa1b6908b462af7940bf5efb') in 0.010012 seconds
  Import took 0.016307 seconds .

AssetImportWorkerClient::OnTransportError - code=2 error=End of file
