Using pre-set license
Built from '2020.2/release' branch; Version is '2020.2.2f1 (068178b99f32) revision 426360'; Using compiler version '192528614'; Build Type 'Release'
OS: 'Windows 10 Home Single Language; OS build 19044.1466; Version 2009; 64bit' Language: 'pt' Physical Memory: 6082 MB
BatchMode: 1, IsHumanControllingUs: 0, StartBugReporterOnCrash: 0, Is64bit: 1, IsPro: 0

 COMMAND LINE ARGUMENTS:
C:\Program Files\Unity\Hub\Editor\2020.2.2f1\Editor\Unity.exe
-adb2
-batchMode
-noUpm
-name
AssetImportWorker0
-projectPath
C:/Users/Erbert/OneDrive/Documentos/Unity/Jogo/unity_jogo
-logFile
Logs/AssetImportWorker0.log
-srvPort
59653
Successfully changed project path to: C:/Users/Erbert/OneDrive/Documentos/Unity/Jogo/unity_jogo
C:/Users/Erbert/OneDrive/Documentos/Unity/Jogo/unity_jogo
Using Asset Import Pipeline V2.
Refreshing native plugins compatible for Editor in 68.30 ms, found 1 plugins.
Preloading 0 native plugins for Editor in 0.00 ms.
Initialize engine version: 2020.2.2f1 (068178b99f32)
[Subsystems] Discovering subsystems at path C:/Program Files/Unity/Hub/Editor/2020.2.2f1/Editor/Data/Resources/UnitySubsystems
[Subsystems] Discovering subsystems at path C:/Users/Erbert/OneDrive/Documentos/Unity/Jogo/unity_jogo/Assets
GfxDevice: creating device client; threaded=0
Direct3D:
    Version:  Direct3D 11.0 [level 11.1]
    Renderer: Radeon 540X Series (ID=0x6987)
    Vendor:   
    VRAM:     2029 MB
    Driver:   30.0.14011.3017
Initialize mono
Mono path[0] = 'C:/Program Files/Unity/Hub/Editor/2020.2.2f1/Editor/Data/Managed'
Mono path[1] = 'C:/Program Files/Unity/Hub/Editor/2020.2.2f1/Editor/Data/MonoBleedingEdge/lib/mono/unityjit'
Mono config path = 'C:/Program Files/Unity/Hub/Editor/2020.2.2f1/Editor/Data/MonoBleedingEdge/etc'
Using monoOptions --debugger-agent=transport=dt_socket,embedding=1,server=y,suspend=n,address=127.0.0.1:56348
Begin MonoManager ReloadAssembly
Registering precompiled unity dll's ...
Register platform support module: C:/Program Files/Unity/Hub/Editor/2020.2.2f1/Editor/Data/PlaybackEngines/WindowsStandaloneSupport/UnityEditor.WindowsStandalone.Extensions.dll
Registered in 0.005261 seconds.
Native extension for WindowsStandalone target not found
Refreshing native plugins compatible for Editor in 54.42 ms, found 1 plugins.
Preloading 0 native plugins for Editor in 0.00 ms.
Invoked RoslynAnalysisRunner static constructor.
RoslynAnalysisRunner will not be running.
RoslynAnalysisRunner has terminated.
Mono: successfully reloaded assembly
- Completed reload, in  3.120 seconds
Platform modules already initialized, skipping
Registering precompiled user dll's ...
Registered in 0.002565 seconds.
Begin MonoManager ReloadAssembly
Native extension for WindowsStandalone target not found
Refreshing native plugins compatible for Editor in 59.25 ms, found 1 plugins.
Preloading 0 native plugins for Editor in 0.00 ms.
Invoked RoslynAnalysisRunner static constructor.
RoslynAnalysisRunner will not be running.
RoslynAnalysisRunner has terminated.
Mono: successfully reloaded assembly
- Completed reload, in  1.433 seconds
Platform modules already initialized, skipping
========================================================================
Worker process is ready to serve import requests
Launched and connected shader compiler UnityShaderCompiler.exe after 0.28 seconds
Refreshing native plugins compatible for Editor in 0.48 ms, found 1 plugins.
Preloading 0 native plugins for Editor in 0.00 ms.
Unloading 1817 Unused Serialized files (Serialized files now loaded: 0)
System memory in use before: 112.5 MB.
System memory in use after: 112.5 MB.

Unloading 22 unused Assets to reduce memory usage. Loaded Objects now: 2302.
Total: 3.197100 ms (FindLiveObjects: 0.278900 ms CreateObjectMapping: 0.072500 ms MarkObjects: 2.664900 ms  DeleteObjects: 0.179300 ms)

========================================================================
Received Import Request.
  path: Assets/Models/models_2/2_2 bana 1.obj
  artifactKey: Guid(14c50d10d88f20c4dad287c75db5c546) Importer(815301076,1909f56bfc062723c751e8b465ee728b)
Start importing Assets/Models/models_2/2_2 bana 1.obj using Guid(14c50d10d88f20c4dad287c75db5c546) Importer(815301076,1909f56bfc062723c751e8b465ee728b)  -> (artifact id: '6f0a44b75b6d5029981a1cd060d568df') in 0.242606 seconds
  Import took 0.249165 seconds .

========================================================================
Received Import Request.
  Time since last request: 0.000956 seconds.
  path: Assets/Models/models_2/2_2 acero 1.obj
  artifactKey: Guid(1c13089721d7d3544903e1c52d4da499) Importer(815301076,1909f56bfc062723c751e8b465ee728b)
Start importing Assets/Models/models_2/2_2 acero 1.obj using Guid(1c13089721d7d3544903e1c52d4da499) Importer(815301076,1909f56bfc062723c751e8b465ee728b)  -> (artifact id: '3f884dcbabe41ec80a3b07cbc69f9f2e') in 0.043557 seconds
  Import took 0.048620 seconds .

========================================================================
Received Import Request.
  Time since last request: 0.000518 seconds.
  path: Assets/Models/models_2/2_4 coco 1.obj
  artifactKey: Guid(c789262be9023374299f79c57e0df7d3) Importer(815301076,1909f56bfc062723c751e8b465ee728b)
Start importing Assets/Models/models_2/2_4 coco 1.obj using Guid(c789262be9023374299f79c57e0df7d3) Importer(815301076,1909f56bfc062723c751e8b465ee728b)  -> (artifact id: '18da30e6ef56d339bc271eda9141e6d1') in 0.040517 seconds
  Import took 0.047046 seconds .

========================================================================
Received Import Request.
  Time since last request: 0.000617 seconds.
  path: Assets/Models/models_2/2_1 mamao 1.obj
  artifactKey: Guid(248a26c85145e1a439eb77a37adb6ca6) Importer(815301076,1909f56bfc062723c751e8b465ee728b)
Start importing Assets/Models/models_2/2_1 mamao 1.obj using Guid(248a26c85145e1a439eb77a37adb6ca6) Importer(815301076,1909f56bfc062723c751e8b465ee728b)  -> (artifact id: 'af7dcf7b52612a1ea8f5a5168afe5493') in 0.043979 seconds
  Import took 0.049984 seconds .

========================================================================
Received Import Request.
  Time since last request: 0.000495 seconds.
  path: Assets/Models/models_2/1_3 caju 1.obj
  artifactKey: Guid(f86c9ff93d76ee44f85f8dba6e33aeca) Importer(815301076,1909f56bfc062723c751e8b465ee728b)
Start importing Assets/Models/models_2/1_3 caju 1.obj using Guid(f86c9ff93d76ee44f85f8dba6e33aeca) Importer(815301076,1909f56bfc062723c751e8b465ee728b)  -> (artifact id: 'f85a5aadfcbd7c55d563240d59771eaa') in 0.049621 seconds
  Import took 0.055577 seconds .

========================================================================
Received Import Request.
  Time since last request: 0.000560 seconds.
  path: Assets/Models/models_2/2_1 bana 1.obj
  artifactKey: Guid(042eafb79db0f8c42900c25c87176f66) Importer(815301076,1909f56bfc062723c751e8b465ee728b)
Start importing Assets/Models/models_2/2_1 bana 1.obj using Guid(042eafb79db0f8c42900c25c87176f66) Importer(815301076,1909f56bfc062723c751e8b465ee728b)  -> (artifact id: '9d5ebba48fe0d463ad95996904d6a3be') in 0.044103 seconds
  Import took 0.050957 seconds .

========================================================================
Received Import Request.
  Time since last request: 0.000549 seconds.
  path: Assets/Models/models_2/2_1 coco 1.obj
  artifactKey: Guid(33a7aa3d1d7edfd46a2154d0ddebc573) Importer(815301076,1909f56bfc062723c751e8b465ee728b)
Start importing Assets/Models/models_2/2_1 coco 1.obj using Guid(33a7aa3d1d7edfd46a2154d0ddebc573) Importer(815301076,1909f56bfc062723c751e8b465ee728b)  -> (artifact id: 'dbf1194dee6cd52fca27da90969f4c01') in 0.044582 seconds
  Import took 0.050689 seconds .

========================================================================
Received Import Request.
  Time since last request: 0.000630 seconds.
  path: Assets/Models/models_2/2_2 mamao 1.obj
  artifactKey: Guid(ad68dc4f133861b47821a3655f21bcd0) Importer(815301076,1909f56bfc062723c751e8b465ee728b)
Start importing Assets/Models/models_2/2_2 mamao 1.obj using Guid(ad68dc4f133861b47821a3655f21bcd0) Importer(815301076,1909f56bfc062723c751e8b465ee728b)  -> (artifact id: '8ee93db3f8341d386ba118f0eaed70dd') in 0.044424 seconds
  Import took 0.050769 seconds .

========================================================================
Received Import Request.
  Time since last request: 0.000552 seconds.
  path: Assets/Models/models_2/2_4 acer.obj
  artifactKey: Guid(009846121bf27864e8fa06c32d4151ab) Importer(815301076,1909f56bfc062723c751e8b465ee728b)
Start importing Assets/Models/models_2/2_4 acer.obj using Guid(009846121bf27864e8fa06c32d4151ab) Importer(815301076,1909f56bfc062723c751e8b465ee728b)  -> (artifact id: '40b3b2a9ed5f55bf4afa65221ad7f586') in 0.042504 seconds
  Import took 0.048817 seconds .

========================================================================
Received Import Request.
  Time since last request: 0.000559 seconds.
  path: Assets/Models/models_2/2_1 grav 1.obj
  artifactKey: Guid(e5a3ca9282e223d4ea875276081cbce0) Importer(815301076,1909f56bfc062723c751e8b465ee728b)
Start importing Assets/Models/models_2/2_1 grav 1.obj using Guid(e5a3ca9282e223d4ea875276081cbce0) Importer(815301076,1909f56bfc062723c751e8b465ee728b)  -> (artifact id: '2ded722e2caeae0cf386070abda4a897') in 0.043082 seconds
  Import took 0.049173 seconds .

========================================================================
Received Import Request.
  Time since last request: 0.000683 seconds.
  path: Assets/Models/models_2/2_4 mamao 1.obj
  artifactKey: Guid(70a670950983ff541ac0fb1a2116e497) Importer(815301076,1909f56bfc062723c751e8b465ee728b)
Start importing Assets/Models/models_2/2_4 mamao 1.obj using Guid(70a670950983ff541ac0fb1a2116e497) Importer(815301076,1909f56bfc062723c751e8b465ee728b)  -> (artifact id: '53aa80c2e4f398cd27c845eb0edc821e') in 0.042129 seconds
  Import took 0.048677 seconds .

========================================================================
Received Import Request.
  Time since last request: 0.000551 seconds.
  path: Assets/Models/models_2/1_3 pit 1.obj
  artifactKey: Guid(11ffc0abb5ec15142a42a8f96102d51a) Importer(815301076,1909f56bfc062723c751e8b465ee728b)
Start importing Assets/Models/models_2/1_3 pit 1.obj using Guid(11ffc0abb5ec15142a42a8f96102d51a) Importer(815301076,1909f56bfc062723c751e8b465ee728b)  -> (artifact id: '9dd6b1e1408bc28fec89ec29d2df0880') in 0.039910 seconds
  Import took 0.045066 seconds .

========================================================================
Received Import Request.
  Time since last request: 0.000550 seconds.
  path: Assets/Models/models_2/2_0 mamao 1.obj
  artifactKey: Guid(6c91966edc2f9134084abafa89c2b36f) Importer(815301076,1909f56bfc062723c751e8b465ee728b)
Start importing Assets/Models/models_2/2_0 mamao 1.obj using Guid(6c91966edc2f9134084abafa89c2b36f) Importer(815301076,1909f56bfc062723c751e8b465ee728b)  -> (artifact id: 'd88fdcbb0ee2aa53f0d514292bb986a7') in 0.040782 seconds
  Import took 0.046993 seconds .

========================================================================
Received Import Request.
  Time since last request: 0.000526 seconds.
  path: Assets/Models/models_2/1_3 pitomb 1.obj
  artifactKey: Guid(17d612a82ab65124f85a0302d17f8751) Importer(815301076,1909f56bfc062723c751e8b465ee728b)
Start importing Assets/Models/models_2/1_3 pitomb 1.obj using Guid(17d612a82ab65124f85a0302d17f8751) Importer(815301076,1909f56bfc062723c751e8b465ee728b)  -> (artifact id: '2a1cc507783e8e2fe1e4b2bdc86df2b9') in 0.044737 seconds
  Import took 0.049558 seconds .

========================================================================
Received Import Request.
  Time since last request: 0.000601 seconds.
  path: Assets/Models/models_2/2_2 coco 1.obj
  artifactKey: Guid(0c09e08599bb1214092cbcd86873fa56) Importer(815301076,1909f56bfc062723c751e8b465ee728b)
Start importing Assets/Models/models_2/2_2 coco 1.obj using Guid(0c09e08599bb1214092cbcd86873fa56) Importer(815301076,1909f56bfc062723c751e8b465ee728b)  -> (artifact id: 'ce853d1470aed6f1e854e87ba037c3ad') in 0.041970 seconds
  Import took 0.047768 seconds .

========================================================================
Received Import Request.
  Time since last request: 0.000694 seconds.
  path: Assets/Models/models_2/2_3 bana.vox.obj
  artifactKey: Guid(1eec4f44007326541a6d9caff3a69b2a) Importer(815301076,1909f56bfc062723c751e8b465ee728b)
Start importing Assets/Models/models_2/2_3 bana.vox.obj using Guid(1eec4f44007326541a6d9caff3a69b2a) Importer(815301076,1909f56bfc062723c751e8b465ee728b)  -> (artifact id: 'c4c94310607535a958c16f028f4a8bf7') in 0.036749 seconds
  Import took 0.041668 seconds .

========================================================================
Received Import Request.
  Time since last request: 0.000781 seconds.
  path: Assets/Models/models_2/2_2 gravi 1.obj
  artifactKey: Guid(86f2558741e423f49b2c6088d3d16892) Importer(815301076,1909f56bfc062723c751e8b465ee728b)
Start importing Assets/Models/models_2/2_2 gravi 1.obj using Guid(86f2558741e423f49b2c6088d3d16892) Importer(815301076,1909f56bfc062723c751e8b465ee728b)  -> (artifact id: '7b95f01e67613ae137ca9238d5ebf873') in 0.040969 seconds
  Import took 0.046542 seconds .

========================================================================
Received Import Request.
  Time since last request: 0.000493 seconds.
  path: Assets/Models/models_2/2_4 grav 1.obj
  artifactKey: Guid(629bb00735766ff448db06dce6a07544) Importer(815301076,1909f56bfc062723c751e8b465ee728b)
Start importing Assets/Models/models_2/2_4 grav 1.obj using Guid(629bb00735766ff448db06dce6a07544) Importer(815301076,1909f56bfc062723c751e8b465ee728b)  -> (artifact id: '7d1ca86c0a94525c3728c457e646cad2') in 0.043569 seconds
  Import took 0.049258 seconds .

========================================================================
Received Import Request.
  Time since last request: 0.000519 seconds.
  path: Assets/Models/models_2/1_4 caja 1.obj
  artifactKey: Guid(4d2d9d08190957d469c0f03e86c85a07) Importer(815301076,1909f56bfc062723c751e8b465ee728b)
Start importing Assets/Models/models_2/1_4 caja 1.obj using Guid(4d2d9d08190957d469c0f03e86c85a07) Importer(815301076,1909f56bfc062723c751e8b465ee728b)  -> (artifact id: '1e87b8d8256fe58a7cd1b0f775a388a7') in 0.046103 seconds
  Import took 0.051067 seconds .

========================================================================
Received Import Request.
  Time since last request: 0.000724 seconds.
  path: Assets/Models/models_2/2_3 acer 1.obj
  artifactKey: Guid(cabf4da4d3c986b4b8351171aef242fa) Importer(815301076,1909f56bfc062723c751e8b465ee728b)
Start importing Assets/Models/models_2/2_3 acer 1.obj using Guid(cabf4da4d3c986b4b8351171aef242fa) Importer(815301076,1909f56bfc062723c751e8b465ee728b)  -> (artifact id: 'fed0cd394566fb567c832f38789948ae') in 0.041990 seconds
  Import took 0.047226 seconds .

========================================================================
Received Import Request.
  Time since last request: 0.000480 seconds.
  path: Assets/Models/models_2/1_4 pit.obj
  artifactKey: Guid(d50d6bf35d99f964a8e39e32076038a8) Importer(815301076,1909f56bfc062723c751e8b465ee728b)
Start importing Assets/Models/models_2/1_4 pit.obj using Guid(d50d6bf35d99f964a8e39e32076038a8) Importer(815301076,1909f56bfc062723c751e8b465ee728b)  -> (artifact id: '0bd8d4839bc1a6d04c26eb22a6580dd3') in 0.040842 seconds
  Import took 0.045664 seconds .

========================================================================
Received Import Request.
  Time since last request: 0.000550 seconds.
  path: Assets/Models/models_2/1_3 caja 1.obj
  artifactKey: Guid(469e7ed6b5eb95c4e8ba5ff59b65104f) Importer(815301076,1909f56bfc062723c751e8b465ee728b)
Start importing Assets/Models/models_2/1_3 caja 1.obj using Guid(469e7ed6b5eb95c4e8ba5ff59b65104f) Importer(815301076,1909f56bfc062723c751e8b465ee728b)  -> (artifact id: 'f26c38e592bc99bc9c9f719be260727f') in 0.048248 seconds
  Import took 0.054251 seconds .

========================================================================
Received Import Request.
  Time since last request: 0.000549 seconds.
  path: Assets/Models/models_2/2_3 bana 1.obj
  artifactKey: Guid(a1f80a1e7524a9d47a1df5797d7d1488) Importer(815301076,1909f56bfc062723c751e8b465ee728b)
Start importing Assets/Models/models_2/2_3 bana 1.obj using Guid(a1f80a1e7524a9d47a1df5797d7d1488) Importer(815301076,1909f56bfc062723c751e8b465ee728b)  -> (artifact id: 'cbd7a084e164f52e7c438136a0255f8e') in 0.042633 seconds
  Import took 0.048238 seconds .

========================================================================
Received Import Request.
  Time since last request: 0.000558 seconds.
  path: Assets/Models/models_2/2_3 coco.vox.obj
  artifactKey: Guid(5a2f60abb482c964f9b76cb3d453c318) Importer(815301076,1909f56bfc062723c751e8b465ee728b)
Start importing Assets/Models/models_2/2_3 coco.vox.obj using Guid(5a2f60abb482c964f9b76cb3d453c318) Importer(815301076,1909f56bfc062723c751e8b465ee728b)  -> (artifact id: 'e420770d0be8b06995d511fb9f776a84') in 0.034548 seconds
  Import took 0.039821 seconds .

========================================================================
Received Import Request.
  Time since last request: 0.000586 seconds.
  path: Assets/Models/models_2/2_3 mamao 1.obj
  artifactKey: Guid(2ad2003133c7dec42bc7df3b3ec381d7) Importer(815301076,1909f56bfc062723c751e8b465ee728b)
Start importing Assets/Models/models_2/2_3 mamao 1.obj using Guid(2ad2003133c7dec42bc7df3b3ec381d7) Importer(815301076,1909f56bfc062723c751e8b465ee728b)  -> (artifact id: '6b62991f00227c50032678381444a857') in 0.036110 seconds
  Import took 0.041518 seconds .

========================================================================
Received Import Request.
  Time since last request: 0.000521 seconds.
  path: Assets/Models/models_2/2_1 acer.vox 1.obj
  artifactKey: Guid(710e0d42ceab8f442bde8e18b39f6867) Importer(815301076,1909f56bfc062723c751e8b465ee728b)
Start importing Assets/Models/models_2/2_1 acer.vox 1.obj using Guid(710e0d42ceab8f442bde8e18b39f6867) Importer(815301076,1909f56bfc062723c751e8b465ee728b)  -> (artifact id: '6b3c879d9e7023f35c0ced0de8a6cd1e') in 0.039524 seconds
  Import took 0.044053 seconds .

========================================================================
Received Import Request.
  Time since last request: 0.000529 seconds.
  path: Assets/Models/models_2/2_3 coco 1.obj
  artifactKey: Guid(a21ccb88d408a7a4ab204b13f50ace1e) Importer(815301076,1909f56bfc062723c751e8b465ee728b)
Start importing Assets/Models/models_2/2_3 coco 1.obj using Guid(a21ccb88d408a7a4ab204b13f50ace1e) Importer(815301076,1909f56bfc062723c751e8b465ee728b)  -> (artifact id: 'd149ce28e65f83e9fdc1a77287e80978') in 0.044613 seconds
  Import took 0.049960 seconds .

========================================================================
Received Import Request.
  Time since last request: 0.000562 seconds.
  path: Assets/Models/models_2/2_4 bana 1.obj
  artifactKey: Guid(9be8558ce13cd2741968d2d993158e92) Importer(815301076,1909f56bfc062723c751e8b465ee728b)
Start importing Assets/Models/models_2/2_4 bana 1.obj using Guid(9be8558ce13cd2741968d2d993158e92) Importer(815301076,1909f56bfc062723c751e8b465ee728b)  -> (artifact id: '737869ae886ea21bace77af15b51a1dc') in 0.040283 seconds
  Import took 0.045732 seconds .

========================================================================
Received Import Request.
  Time since last request: 0.000563 seconds.
  path: Assets/Models/models_2/1_4 caju 1.obj
  artifactKey: Guid(f08b61856ff9d8d45b5213ab7fc6b0c8) Importer(815301076,1909f56bfc062723c751e8b465ee728b)
Start importing Assets/Models/models_2/1_4 caju 1.obj using Guid(f08b61856ff9d8d45b5213ab7fc6b0c8) Importer(815301076,1909f56bfc062723c751e8b465ee728b)  -> (artifact id: '49bd0dbc979130afed264293fd4a41b7') in 0.041748 seconds
  Import took 0.047730 seconds .

========================================================================
Received Import Request.
  Time since last request: 23.266817 seconds.
  path: Assets/Models/models_2/2_3 bana.vox.png
  artifactKey: Guid(d8df825b2d2caa24eadcf6f6bb322c63) Importer(815301076,1909f56bfc062723c751e8b465ee728b)
Start importing Assets/Models/models_2/2_3 bana.vox.png using Guid(d8df825b2d2caa24eadcf6f6bb322c63) Importer(815301076,1909f56bfc062723c751e8b465ee728b)  -> (artifact id: '3276d31fe704be4d50effb328b894dc0') in 0.036707 seconds
  Import took 0.043008 seconds .

========================================================================
Received Import Request.
  Time since last request: 0.000533 seconds.
  path: Assets/Models/models_2/2_3 coco.vox.png
  artifactKey: Guid(cf768c99ee814884c9b8a6043b6cfa30) Importer(815301076,1909f56bfc062723c751e8b465ee728b)
Start importing Assets/Models/models_2/2_3 coco.vox.png using Guid(cf768c99ee814884c9b8a6043b6cfa30) Importer(815301076,1909f56bfc062723c751e8b465ee728b)  -> (artifact id: '263c6f94fdff0ec5e0fd93e49c8c5d31') in 0.012457 seconds
  Import took 0.018167 seconds .

========================================================================
Received Import Request.
  Time since last request: 0.000556 seconds.
  path: Assets/Models/models_2/2_4 acer.png
  artifactKey: Guid(0bf92407399c5de4fb4a6b6a05429efe) Importer(815301076,1909f56bfc062723c751e8b465ee728b)
Start importing Assets/Models/models_2/2_4 acer.png using Guid(0bf92407399c5de4fb4a6b6a05429efe) Importer(815301076,1909f56bfc062723c751e8b465ee728b)  -> (artifact id: 'b79dc555ffc3bf25afb00a161a8beeca') in 0.015814 seconds
  Import took 0.021437 seconds .

AssetImportWorkerClient::OnTransportError - code=2 error=End of file
